0 info it worked if it ends with ok
1 verbose cli [ '/Users/blair/.nvm/versions/node/v6.3.1/bin/node',
1 verbose cli   '/Users/blair/.nvm/versions/node/v6.3.1/bin/npm',
1 verbose cli   'install',
1 verbose cli   'file:plugins/nativescript-vuforia' ]
2 info using npm@3.10.6
3 info using node@v6.3.1
4 silly loadCurrentTree Starting
5 silly install loadCurrentTree
6 silly install readLocalPackageData
7 silly fetchPackageMetaData file:plugins/nativescript-vuforia
8 silly fetchOtherPackageData file:plugins/nativescript-vuforia
9 silly cache add args [ 'file:plugins/nativescript-vuforia', null ]
10 verbose cache add spec file:plugins/nativescript-vuforia
11 silly cache add parsed spec Result {
11 silly cache add   raw: 'file:plugins/nativescript-vuforia',
11 silly cache add   scope: null,
11 silly cache add   escapedName: null,
11 silly cache add   name: null,
11 silly cache add   rawSpec: 'file:plugins/nativescript-vuforia',
11 silly cache add   spec: '/Users/blair/Desktop/programming/github/argonjs.io/argon-app/plugins/nativescript-vuforia/plugins/nativescript-vuforia',
11 silly cache add   type: 'local' }
12 error addLocal Could not install /Users/blair/Desktop/programming/github/argonjs.io/argon-app/plugins/nativescript-vuforia/plugins/nativescript-vuforia
13 silly fetchPackageMetaData Error: ENOENT: no such file or directory, open '/Users/blair/Desktop/programming/github/argonjs.io/argon-app/plugins/nativescript-vuforia/plugins/nativescript-vuforia'
13 silly fetchPackageMetaData     at Error (native)
13 silly fetchPackageMetaData  error for file:plugins/nativescript-vuforia { Error: ENOENT: no such file or directory, open '/Users/blair/Desktop/programming/github/argonjs.io/argon-app/plugins/nativescript-vuforia/plugins/nativescript-vuforia'
13 silly fetchPackageMetaData     at Error (native)
13 silly fetchPackageMetaData   errno: -2,
13 silly fetchPackageMetaData   code: 'ENOENT',
13 silly fetchPackageMetaData   syscall: 'open',
13 silly fetchPackageMetaData   path: '/Users/blair/Desktop/programming/github/argonjs.io/argon-app/plugins/nativescript-vuforia/plugins/nativescript-vuforia' }
14 silly rollbackFailedOptional Starting
15 silly rollbackFailedOptional Finishing
16 silly runTopLevelLifecycles Starting
17 silly runTopLevelLifecycles Finishing
18 silly install printInstalled
19 verbose stack Error: ENOENT: no such file or directory, open '/Users/blair/Desktop/programming/github/argonjs.io/argon-app/plugins/nativescript-vuforia/plugins/nativescript-vuforia'
19 verbose stack     at Error (native)
20 verbose cwd /Users/blair/Desktop/programming/github/argonjs.io/argon-app/plugins/nativescript-vuforia
21 error Darwin 15.6.0
22 error argv "/Users/blair/.nvm/versions/node/v6.3.1/bin/node" "/Users/blair/.nvm/versions/node/v6.3.1/bin/npm" "install" "file:plugins/nativescript-vuforia"
23 error node v6.3.1
24 error npm  v3.10.6
25 error path /Users/blair/Desktop/programming/github/argonjs.io/argon-app/plugins/nativescript-vuforia/plugins/nativescript-vuforia
26 error code ENOENT
27 error errno -2
28 error syscall open
29 error enoent ENOENT: no such file or directory, open '/Users/blair/Desktop/programming/github/argonjs.io/argon-app/plugins/nativescript-vuforia/plugins/nativescript-vuforia'
30 error enoent ENOENT: no such file or directory, open '/Users/blair/Desktop/programming/github/argonjs.io/argon-app/plugins/nativescript-vuforia/plugins/nativescript-vuforia'
30 error enoent This is most likely not a problem with npm itself
30 error enoent and is related to npm not being able to find a file.
31 verbose exit [ -2, true ]
